C51 COMPILER V9.55   MAIN                                                                  02/08/2026 17:43:39 PAGE 1   


C51 COMPILER V9.55, COMPILATION OF MODULE MAIN
OBJECT MODULE PLACED IN .\Objects\main.obj
COMPILER INVOKED BY: D:\KEIL\C51\BIN\C51.EXE main.c OPTIMIZE(8,SPEED) BROWSE DEBUG OBJECTEXTEND PRINT(.\Listings\main.ls
                    -t) TABS(2) OBJECT(.\Objects\main.obj)

line level    source

   1          #include <reg52.h>
   2          #include "Delay.h"
   3          #include "LCD1602.h"
   4          #include "MatrixKey.h"
   5          
   6          unsigned char KeyNum;
   7          unsigned int Password,Count;
   8          
   9          void main()
  10          {
  11   1        LCD_Init();
  12   1        LCD_ShowString(1,1,"Password:");
  13   1        while(1)
  14   1        {
  15   2          KeyNum=MatrixKey();
  16   2          if(KeyNum)
  17   2          {
  18   3            if(KeyNum<=10)
  19   3            {
  20   4              Password*=10;
  21   4              Password+=KeyNum%10;
  22   4              Count++;
  23   4            }
  24   3            LCD_ShowNum(2,1,Password,4);
  25   3          }
  26   2          if(KeyNum==11)
  27   2          {
  28   3            if(Password==2345)
  29   3            {
  30   4              LCD_ShowString(1,14,"OK");
  31   4              Password=0;
  32   4              Count=0;
  33   4              LCD_ShowNum(2,1,Password,4);
  34   4              
  35   4            }
  36   3            else
  37   3            {
  38   4              LCD_ShowString(1,14,"ERR");
  39   4              Password=0;
  40   4              Count=0;
  41   4              LCD_ShowNum(2,1,Password,4);
  42   4            }
  43   3            
  44   3          }
  45   2          if(KeyNum==12)
  46   2          {
  47   3            Password=0;
  48   3            Count=0;
  49   3            LCD_ShowNum(2,1,Password,4);
  50   3          }
  51   2        }
  52   1      }


C51 COMPILER V9.55   MAIN                                                                  02/08/2026 17:43:39 PAGE 2   

MODULE INFORMATION:   STATIC OVERLAYABLE
   CODE SIZE        =    178    ----
   CONSTANT SIZE    =     17    ----
   XDATA SIZE       =   ----    ----
   PDATA SIZE       =   ----    ----
   DATA SIZE        =      5    ----
   IDATA SIZE       =   ----    ----
   BIT SIZE         =   ----    ----
END OF MODULE INFORMATION.


C51 COMPILATION COMPLETE.  0 WARNING(S),  0 ERROR(S)
