C51 COMPILER V9.55   NIXIE                                                                 02/25/2026 10:48:09 PAGE 1   


C51 COMPILER V9.55, COMPILATION OF MODULE NIXIE
OBJECT MODULE PLACED IN .\Objects\Nixie.obj
COMPILER INVOKED BY: D:\KEIL\C51\BIN\C51.EXE Nixie.c OPTIMIZE(8,SPEED) BROWSE DEBUG OBJECTEXTEND PRINT(.\Listings\Nixie.
                    -lst) TABS(2) OBJECT(.\Objects\Nixie.obj)

line level    source

   1          #include <reg52.h>
   2          #include "Delay.h"
   3          
   4          sbit P2_4=P2^4;
   5          sbit P2_3=P2^3;
   6          sbit P2_2=P2^2;
   7          
   8          unsigned char Nixie_Buf[9]={0,10,10,10,10,10,10,10,10};
   9          
  10          unsigned char NixieTable[]={0x3F,0x06,0x5B,0x4F,0x66,0x6D,0x7D,0x07,0x7F,0x6F,0x00,0x40};
  11          
  12          void Nixie_SetBuf(unsigned char Location,Number)
  13          {
  14   1        Nixie_Buf[Location]=Number;
  15   1      }
  16          
  17          void Nixie_Scan(unsigned char Location,Number)
  18          {
  19   1        P0=0x00;        
  20   1        switch(Location)    
  21   1        {
  22   2          case 1:P2_4=1;P2_3=1;P2_2=1;break;
  23   2          case 2:P2_4=1;P2_3=1;P2_2=0;break;
  24   2          case 3:P2_4=1;P2_3=0;P2_2=1;break;
  25   2          case 4:P2_4=1;P2_3=0;P2_2=0;break;
  26   2          case 5:P2_4=0;P2_3=1;P2_2=1;break;
  27   2          case 6:P2_4=0;P2_3=1;P2_2=0;break;
  28   2          case 7:P2_4=0;P2_3=0;P2_2=1;break;
  29   2          case 8:P2_4=0;P2_3=0;P2_2=0;break;
  30   2        }
  31   1        P0=NixieTable[Number];  
  32   1      }
  33          
  34          
  35          void Nixie_Loop(void)
  36          {
  37   1        static unsigned char i=1;
  38   1        Nixie_Scan(i,Nixie_Buf[i]);
  39   1        i++;
  40   1        if(i>=9){i=1;}
  41   1      }


MODULE INFORMATION:   STATIC OVERLAYABLE
   CODE SIZE        =    138    ----
   CONSTANT SIZE    =   ----    ----
   XDATA SIZE       =   ----    ----
   PDATA SIZE       =   ----    ----
   DATA SIZE        =     22    ----
   IDATA SIZE       =   ----    ----
   BIT SIZE         =   ----    ----
END OF MODULE INFORMATION.


C51 COMPILATION COMPLETE.  0 WARNING(S),  0 ERROR(S)
