C51 COMPILER V9.55   DELAY                                                                 04/16/2026 16:54:56 PAGE 1   


C51 COMPILER V9.55, COMPILATION OF MODULE DELAY
OBJECT MODULE PLACED IN .\Objects\delay.obj
COMPILER INVOKED BY: E:\keil\keil_v5\C51\BIN\C51.EXE E:\delay.c OPTIMIZE(8,SPEED) BROWSE DEBUG OBJECTEXTEND PRINT(.\List
                    -ings\delay.lst) TABS(2) OBJECT(.\Objects\delay.obj)

line level    source

   1          
   2          
   3          
   4          void delay(unsigned int xms)
   5          {
   6   1        
   7   1          unsigned int i, j;
   8   1          for(i = xms; i > 0; i--)
   9   1              for(j = 110; j > 0; j--);
  10   1      }


MODULE INFORMATION:   STATIC OVERLAYABLE
   CODE SIZE        =     30    ----
   CONSTANT SIZE    =   ----    ----
   XDATA SIZE       =   ----    ----
   PDATA SIZE       =   ----    ----
   DATA SIZE        =   ----    ----
   IDATA SIZE       =   ----    ----
   BIT SIZE         =   ----    ----
END OF MODULE INFORMATION.


C51 COMPILATION COMPLETE.  0 WARNING(S),  0 ERROR(S)
