C51 COMPILER V9.55   I2C                                                                   04/16/2026 16:54:57 PAGE 1   


C51 COMPILER V9.55, COMPILATION OF MODULE I2C
OBJECT MODULE PLACED IN .\Objects\I2C.obj
COMPILER INVOKED BY: E:\keil\keil_v5\C51\BIN\C51.EXE E:\I2C.c OPTIMIZE(8,SPEED) BROWSE DEBUG OBJECTEXTEND PRINT(.\Listin
                    -gs\I2C.lst) TABS(2) OBJECT(.\Objects\I2C.obj)

line level    source

   1          #include <reg52.h>
   2          
   3          sbit I2C_SCL = P3^6;
   4          sbit I2C_SDA = P3^7;
   5          
   6          void I2C_start(void)
   7          {
   8   1        I2C_SDA = 1;
   9   1        I2C_SCL = 1;
  10   1        I2C_SDA = 0;
  11   1        I2C_SCL = 0;
  12   1        
  13   1      }
  14          
  15          void I2C_Stop(void)
  16          {
  17   1        I2C_SDA = 0;
  18   1        I2C_SCL = 1;
  19   1        I2C_SDA = 1;
  20   1      }
  21          
  22          void I2C_SendByte(unsigned char Byte)
  23          {
  24   1        unsigned char i;
  25   1        for(i=0;i<8;i++)
  26   1        {
  27   2          I2C_SDA = Byte & (0x80>>i);
  28   2          I2C_SCL = 1;
  29   2          I2C_SCL = 0;
  30   2          
  31   2        }
  32   1        
  33   1      }
  34          
  35          unsigned char I2C_ReceiveByte(void)
  36          {
  37   1        unsigned char i,Byte = 0x00;
  38   1        I2C_SDA = 1;
  39   1        for(i=0;i<8;i++)
  40   1        {
  41   2          I2C_SCL = 1;
  42   2          if(I2C_SDA){Byte |= (0x80>>i);}
  43   2          I2C_SCL = 0;
  44   2        }
  45   1        return Byte;
  46   1      }
  47          
  48          void I2C_SendAck(unsigned char AckBit)
  49          {
  50   1        I2C_SDA = AckBit;
  51   1        I2C_SCL = 1;
  52   1        I2C_SCL = 0;
  53   1      }
  54          
C51 COMPILER V9.55   I2C                                                                   04/16/2026 16:54:57 PAGE 2   

  55          
  56          
  57          unsigned char I2C_ReceiveAck(void)
  58          {
  59   1        unsigned char AckBit;
  60   1        I2C_SDA = 1;
  61   1        I2C_SCL = 1;
  62   1        AckBit = I2C_SDA;
  63   1        I2C_SCL = 0;
  64   1        return AckBit;
  65   1      }


MODULE INFORMATION:   STATIC OVERLAYABLE
   CODE SIZE        =    109    ----
   CONSTANT SIZE    =   ----    ----
   XDATA SIZE       =   ----    ----
   PDATA SIZE       =   ----    ----
   DATA SIZE        =   ----    ----
   IDATA SIZE       =   ----    ----
   BIT SIZE         =   ----    ----
END OF MODULE INFORMATION.


C51 COMPILATION COMPLETE.  0 WARNING(S),  0 ERROR(S)
