C51 COMPILER V9.55   KEY                                                                   04/14/2026 15:01:31 PAGE 1   


C51 COMPILER V9.55, COMPILATION OF MODULE KEY
OBJECT MODULE PLACED IN .\Objects\Key.obj
COMPILER INVOKED BY: E:\keil\keil_v5\C51\BIN\C51.EXE E:\Key.c OPTIMIZE(8,SPEED) BROWSE DEBUG OBJECTEXTEND PRINT(.\Listin
                    -gs\Key.lst) TABS(2) OBJECT(.\Objects\Key.obj)

line level    source

   1          #include <reg52.h>
   2          #include "Key.h"
   3          
   4          sbit KEY_GAME_FORWARD = P3^5;
   5          sbit KEY_GAME_BACK   = P3^4;
   6          sbit KEY_GAME_TURN   = P3^3;
   7          sbit KEY_GAME_BREAK  = P2^7;
   8          sbit KEY_MENU_SWITCH = P2^5;
   9          sbit KEY_MENU_SELECT = P2^4;
  10          
  11          // ?????
  12          unsigned char cnt_menu_switch = 0;
  13          unsigned char cnt_menu_select = 0;
  14          unsigned char cnt_game_forward = 0;
  15          unsigned char cnt_game_back = 0;
  16          unsigned char cnt_game_turn = 0;
  17          unsigned char cnt_game_break = 0;
  18          
  19          // ????(1=??,0=??)
  20          unsigned char state_menu_switch = 1;
  21          unsigned char state_menu_select = 1;
  22          unsigned char state_game_forward = 1;
  23          unsigned char state_game_back = 1;
  24          unsigned char state_game_turn = 1;
  25          unsigned char state_game_break = 1;
  26          
  27          // ?????
  28          
  29          
  30          
  31          void key_scan(void)
  32          {
  33   1          // ===================== ???? =====================
  34   1          if(KEY_MENU_SWITCH != state_menu_switch)
  35   1          {
  36   2              cnt_menu_switch++;
  37   2              if(cnt_menu_switch >= 3)
  38   2              {
  39   3                  state_menu_switch = KEY_MENU_SWITCH;
  40   3                  if(state_menu_switch == 0)
  41   3                  {
  42   4                      key_menu_switch_flag = 1;
  43   4                  }
  44   3                  cnt_menu_switch = 0;
  45   3              }
  46   2          }
  47   1          else cnt_menu_switch = 0;
  48   1      
  49   1          // ===================== ???? =====================
  50   1          if(KEY_MENU_SELECT != state_menu_select)
  51   1          {
  52   2              cnt_menu_select++;
  53   2              if(cnt_menu_select >= 3)
  54   2              {
C51 COMPILER V9.55   KEY                                                                   04/14/2026 15:01:31 PAGE 2   

  55   3                  state_menu_select = KEY_MENU_SELECT;
  56   3                  if(state_menu_select == 0)
  57   3                  {
  58   4                      key_menu_select_flag = 1;
  59   4                  }
  60   3                  cnt_menu_select = 0;
  61   3              }
  62   2          }
  63   1          else cnt_menu_select = 0;
  64   1      
  65   1          // ===================== ?? =====================
  66   1          if(KEY_GAME_FORWARD != state_game_forward)
  67   1          {
  68   2              cnt_game_forward++;
  69   2              if(cnt_game_forward >= 3)
  70   2              {
  71   3                  state_game_forward = KEY_GAME_FORWARD;
  72   3                  if(state_game_forward == 0)
  73   3                  {
  74   4                      key_game_forward_flag = 1;
  75   4                  }
  76   3                  cnt_game_forward = 0;
  77   3              }
  78   2          }
  79   1          else cnt_game_forward = 0;
  80   1      
  81   1          // ===================== ?? =====================
  82   1          if(KEY_GAME_BACK != state_game_back)
  83   1          {
  84   2              cnt_game_back++;
  85   2              if(cnt_game_back >= 3)
  86   2              {
  87   3                  state_game_back = KEY_GAME_BACK;
  88   3                  if(state_game_back == 0)
  89   3                  {
  90   4                      key_game_back_flag = 1;
  91   4                  }
  92   3                  cnt_game_back = 0;
  93   3              }
  94   2          }
  95   1          else cnt_game_back = 0;
  96   1      
  97   1          // ===================== ?? =====================
  98   1          if(KEY_GAME_TURN != state_game_turn)
  99   1          {
 100   2              cnt_game_turn++;
 101   2              if(cnt_game_turn >= 3)
 102   2              {
 103   3                  state_game_turn = KEY_GAME_TURN;
 104   3                  if(state_game_turn == 0)
 105   3                  {
 106   4                      key_game_turn_flag = 1;
 107   4                  }
 108   3                  cnt_game_turn = 0;
 109   3              }
 110   2          }
 111   1          else cnt_game_turn = 0;
 112   1      
 113   1          // ===================== ?? =====================
 114   1          if(KEY_GAME_BREAK != state_game_break)
 115   1          {
 116   2              cnt_game_break++;
C51 COMPILER V9.55   KEY                                                                   04/14/2026 15:01:31 PAGE 3   

 117   2              if(cnt_game_break >= 3)
 118   2              {
 119   3                  state_game_break = KEY_GAME_BREAK;
 120   3                  if(state_game_break == 0)
 121   3                  {
 122   4                      key_game_break_flag = 1;  // ? ??!
 123   4                  }
 124   3                  cnt_game_break = 0;
 125   3              }
 126   2          }
 127   1          else cnt_game_break = 0;
 128   1      }
 129          
 130          MenuKeyState get_menuKey_state()
 131          {
 132   1          if(key_menu_switch_flag)
 133   1          {
 134   2              key_menu_switch_flag = 0;
 135   2              return KEY_DOWN;
 136   2          }
 137   1          else if(key_menu_select_flag)
 138   1          {
 139   2              key_menu_select_flag = 0;
 140   2              return KEY_OK;
 141   2          }
 142   1          return NONEM;
 143   1      }
 144          
 145          GameKeyState get_gameKey_state()
 146          {
 147   1          if(key_game_forward_flag)
 148   1          {
 149   2              key_game_forward_flag = 0;
 150   2              return KEY_FORWARD;
 151   2          }
 152   1          else if(key_game_back_flag)
 153   1          {
 154   2              key_game_back_flag = 0;
 155   2              return KEY_BACK;
 156   2          }
 157   1          else if(key_game_turn_flag)
 158   1          {
 159   2              key_game_turn_flag = 0;
 160   2              return KEY_TURN;
 161   2          }
 162   1          else if(key_game_break_flag)
 163   1          {
 164   2              key_game_break_flag = 0;
 165   2              return KEY_BREAK;
 166   2          }
 167   1          return NONEG;
 168   1      }


MODULE INFORMATION:   STATIC OVERLAYABLE
   CODE SIZE        =    247    ----
   CONSTANT SIZE    =   ----    ----
   XDATA SIZE       =   ----    ----
   PDATA SIZE       =   ----    ----
   DATA SIZE        =     12    ----
   IDATA SIZE       =   ----    ----
   BIT SIZE         =   ----    ----
C51 COMPILER V9.55   KEY                                                                   04/14/2026 15:01:31 PAGE 4   

END OF MODULE INFORMATION.


C51 COMPILATION COMPLETE.  0 WARNING(S),  0 ERROR(S)
