C51 COMPILER V9.55   TIME                                                                  04/16/2026 16:54:57 PAGE 1   


C51 COMPILER V9.55, COMPILATION OF MODULE TIME
OBJECT MODULE PLACED IN .\Objects\Time.obj
COMPILER INVOKED BY: E:\keil\keil_v5\C51\BIN\C51.EXE E:\Time.c OPTIMIZE(8,SPEED) BROWSE DEBUG OBJECTEXTEND PRINT(.\Listi
                    -ngs\Time.lst) TABS(2) OBJECT(.\Objects\Time.obj)

line level    source

   1          #include <reg52.h>
   2          
   3          void Timer_Init()
   4          {
   5   1        TMOD = 0x01;
   6   1        TH0 = 0xDC;
   7   1        TL0 = 0x18;
   8   1        ET0 = 1;
   9   1        TR0 =1;
  10   1        EA = 1;
  11   1        
  12   1      }


MODULE INFORMATION:   STATIC OVERLAYABLE
   CODE SIZE        =     16    ----
   CONSTANT SIZE    =   ----    ----
   XDATA SIZE       =   ----    ----
   PDATA SIZE       =   ----    ----
   DATA SIZE        =   ----    ----
   IDATA SIZE       =   ----    ----
   BIT SIZE         =   ----    ----
END OF MODULE INFORMATION.


C51 COMPILATION COMPLETE.  0 WARNING(S),  0 ERROR(S)
