C51 COMPILER V9.55   I2C                                                                   03/03/2026 16:15:39 PAGE 1   


C51 COMPILER V9.55, COMPILATION OF MODULE I2C
OBJECT MODULE PLACED IN .\Objects\I2C.obj
COMPILER INVOKED BY: D:\KEIL\C51\BIN\C51.EXE ..\AT24C02\I2C.c OPTIMIZE(8,SPEED) BROWSE DEBUG OBJECTEXTEND PRINT(.\Listin
                    -gs\I2C.lst) TABS(2) OBJECT(.\Objects\I2C.obj)

line level    source

   1          
   2          
   3          #include <reg52.h>
   4          
   5          sbit I2C_SCL=P2^1;
   6          sbit I2C_SDA=P2^0;
   7          
   8          
   9          void I2C_Start(void)
  10          {
  11   1        I2C_SDA=1;
  12   1        I2C_SCL=1;
  13   1        I2C_SDA=0;
  14   1        I2C_SCL=0;
  15   1      }
  16          
  17          
  18          void I2C_Stop(void)
  19          {
  20   1        I2C_SDA=0;
  21   1        I2C_SCL=1;
  22   1        I2C_SDA=1;
  23   1      }
  24          
  25          
  26          void I2C_SendByte(unsigned char Byte)
  27          {
  28   1        unsigned char i;
  29   1        for(i=0;i<8;i++)
  30   1        {
  31   2          I2C_SDA=Byte&(0x80>>i);
  32   2          I2C_SCL=1;
  33   2          I2C_SCL=0;
  34   2        }
  35   1      }
  36          
  37          
  38          unsigned char I2C_ReceiveByte(void)
  39          {
  40   1        unsigned char i,Byte=0x00;
  41   1        I2C_SDA=1;
  42   1        for(i=0;i<8;i++)
  43   1        {
  44   2          I2C_SCL=1;
  45   2          if(I2C_SDA){Byte|=(0x80>>i);}
  46   2          I2C_SCL=0;
  47   2        }
  48   1        return Byte;
  49   1      }
  50          
  51          
  52          void I2C_SendAck(unsigned char AckBit)
  53          {
  54   1        I2C_SDA=AckBit;
C51 COMPILER V9.55   I2C                                                                   03/03/2026 16:15:39 PAGE 2   

  55   1        I2C_SCL=1;
  56   1        I2C_SCL=0;
  57   1      }
  58          
  59          
  60          unsigned char I2C_ReceiveAck(void)
  61          {
  62   1        unsigned char AckBit;
  63   1        I2C_SDA=1;
  64   1        I2C_SCL=1;
  65   1        AckBit=I2C_SDA;
  66   1        I2C_SCL=0;
  67   1        return AckBit;
  68   1      }


MODULE INFORMATION:   STATIC OVERLAYABLE
   CODE SIZE        =    109    ----
   CONSTANT SIZE    =   ----    ----
   XDATA SIZE       =   ----    ----
   PDATA SIZE       =   ----    ----
   DATA SIZE        =   ----    ----
   IDATA SIZE       =   ----    ----
   BIT SIZE         =   ----    ----
END OF MODULE INFORMATION.


C51 COMPILATION COMPLETE.  0 WARNING(S),  0 ERROR(S)
