C51 COMPILER V9.55   KEY                                                                   03/03/2026 16:15:39 PAGE 1   


C51 COMPILER V9.55, COMPILATION OF MODULE KEY
OBJECT MODULE PLACED IN .\Objects\Key.obj
COMPILER INVOKED BY: D:\KEIL\C51\BIN\C51.EXE ..\AT24C02\Key.c OPTIMIZE(8,SPEED) BROWSE DEBUG OBJECTEXTEND PRINT(.\Listin
                    -gs\Key.lst) TABS(2) OBJECT(.\Objects\Key.obj)

line level    source

   1          #include <reg52.h>
   2          #include "Delay.h"
   3          sbit P3_0=P3^0;
   4          sbit P3_1=P3^1;
   5          sbit P3_2=P3^2;
   6          sbit P3_3=P3^3;
   7          sbit P1_3=P1^3;
   8          sbit P1_7=P1^7;
   9          
  10          unsigned char Key()
  11          {
  12   1        unsigned char KeyNumber=0;
  13   1        
  14   1        if(P3_0==0){Delay(20);while(P3_0==0);Delay(20);KeyNumber=1;}          //팹繫객숩
  15   1        if(P3_1==0){Delay(20);while(P3_1==0);Delay(20);KeyNumber=2;}
  16   1        if(P3_2==0){Delay(20);while(P3_2==0);Delay(20);KeyNumber=3;}
  17   1        if(P3_3==0){Delay(20);while(P3_3==0);Delay(20);KeyNumber=4;}
  18   1        P1_3=0;
  19   1        if(P1_7==0){Delay(20);while(P1_7==0);Delay(20);KeyNumber=5;}         //賈痰앤黎숩턍
  20   1        
  21   1        return KeyNumber;
  22   1      }


MODULE INFORMATION:   STATIC OVERLAYABLE
   CODE SIZE        =    122    ----
   CONSTANT SIZE    =   ----    ----
   XDATA SIZE       =   ----    ----
   PDATA SIZE       =   ----    ----
   DATA SIZE        =   ----       1
   IDATA SIZE       =   ----    ----
   BIT SIZE         =   ----    ----
END OF MODULE INFORMATION.


C51 COMPILATION COMPLETE.  0 WARNING(S),  0 ERROR(S)
