C51 COMPILER V9.55   MAIN                                                                  03/03/2026 16:15:39 PAGE 1   


C51 COMPILER V9.55, COMPILATION OF MODULE MAIN
OBJECT MODULE PLACED IN .\Objects\main.obj
COMPILER INVOKED BY: D:\KEIL\C51\BIN\C51.EXE main.c OPTIMIZE(8,SPEED) BROWSE DEBUG OBJECTEXTEND PRINT(.\Listings\main.ls
                    -t) TABS(2) OBJECT(.\Objects\main.obj)

line level    source

   1          #include "AT24C02.h"
   2          #include "Delay.h"
   3          #include "Key.h"
   4          #include "LCD1602.h"
   5          #include "Timer0.h"
   6          #include "Nixie.h"
   7          #include <reg52.h>
   8          unsigned char KeyNum;
   9          unsigned char RunFlag;
  10          unsigned char Sec,Min;
  11          unsigned long Sum;
  12          unsigned int MSec;
  13          
  14          sbit P2_0=P2^0;
  15          sbit P2_1=P2^1;
  16          
  17          
  18          void main()
  19          {
  20   1        LCD_Init();
  21   1        LCD_ShowString(1,1,"JUDGE_SYSTEM");
  22   1        Timer0_Init();
  23   1        while(1)
  24   1        {
  25   2          KeyNum = Key();
  26   2          if(KeyNum == 1)               //역迦셕珂宅界岺셕珂
  27   2          {
  28   3            RunFlag=!RunFlag;
  29   3          }
  30   2          if(KeyNum == 2)               //헌0
  31   2          {
  32   3            Sec=0;
  33   3            Min=0;
  34   3            MSec=0;
  35   3            
  36   3          }
  37   2          if(KeyNum == 3)               //뗍혤宮壇써벎
  38   2          {
  39   3            Min=AT24C02_ReadByte(0);
  40   3            Sec=AT24C02_ReadByte(1);
  41   3            MSec=AT24C02_ReadByte(2);
  42   3          }
  43   2          if(KeyNum == 4)               //닸뇨宮壇써벎
  44   2          {
  45   3            AT24C02_WriteByte(0,Min);
  46   3            Delay(5);
  47   3            AT24C02_WriteByte(1,Sec);
  48   3            Delay(5);
  49   3            AT24C02_WriteByte(2,MSec);
  50   3            Delay(5);
  51   3          }
  52   2          if(KeyNum == 5)               //냥섀털뙤
  53   2          {
  54   3            Sum=Min*60*1000+Sec*1000+MSec;
C51 COMPILER V9.55   MAIN                                                                  03/03/2026 16:15:39 PAGE 2   

  55   3            if(Sum<=9500)
  56   3            {
  57   4              
  58   4              P2_1=1;
  59   4              P2_0=0;
  60   4            }
  61   3            else if(Sum<=10500&&Sum>9500)
  62   3            {
  63   4              
  64   4              P2_0=1;
  65   4              P2_1=0;
  66   4            }
  67   3            else if(Sum<=11500&&Sum>10500)
  68   3            {
  69   4              
  70   4              P2_0=0;
  71   4              P2_1=0;
  72   4            }
  73   3            else
  74   3            {
  75   4              P2_0=1;
  76   4              P2_1=1;
  77   4            }
  78   3            
  79   3          }
  80   2      
  81   2          Nixie_SetBuf(1,Min%10);
  82   2          Nixie_SetBuf(2,11);
  83   2          Nixie_SetBuf(3,Sec/10);
  84   2          Nixie_SetBuf(4,Sec%10);
  85   2          Nixie_SetBuf(5,11);
  86   2          Nixie_SetBuf(6,MSec/100);
  87   2          Nixie_SetBuf(7,(MSec/10)%10);
  88   2          Nixie_SetBuf(8,MSec%10);
  89   2          
  90   2        }
  91   1        
  92   1        
  93   1      }
  94          void Sec_Loop(void)
  95          {
  96   1        if(RunFlag)
  97   1        {
  98   2          MSec++;
  99   2          if(MSec>=1000)
 100   2          {
 101   3            MSec=0;
 102   3            Sec++;
 103   3            if(Sec>=60)
 104   3            {
 105   4              Sec=0;
 106   4              Min++;
 107   4              if(Min>=60)
 108   4              {
 109   5                Min=0;
 110   5              }
 111   4            }
 112   3          }
 113   2        }
 114   1      }
 115          
 116          
C51 COMPILER V9.55   MAIN                                                                  03/03/2026 16:15:39 PAGE 3   

 117          void Timer0_Routine() interrupt 1
 118          {
 119   1        static unsigned int T0Count2;
 120   1        TL0 = 0x18;
 121   1        TH0 = 0xFC;
 122   1      
 123   1        T0Count2++;
 124   1        if(T0Count2>=2)
 125   1        {
 126   2          T0Count2=0;
 127   2          Nixie_Scan_Loop();
 128   2        }
 129   1        
 130   1      
 131   1          Sec_Loop();
 132   1      
 133   1        
 134   1      }


MODULE INFORMATION:   STATIC OVERLAYABLE
   CODE SIZE        =    582    ----
   CONSTANT SIZE    =     13    ----
   XDATA SIZE       =   ----    ----
   PDATA SIZE       =   ----    ----
   DATA SIZE        =     12    ----
   IDATA SIZE       =   ----    ----
   BIT SIZE         =   ----    ----
END OF MODULE INFORMATION.


C51 COMPILATION COMPLETE.  0 WARNING(S),  0 ERROR(S)
