C51 COMPILER V9.55   KEY                                                                   02/25/2026 10:48:08 PAGE 1   


C51 COMPILER V9.55, COMPILATION OF MODULE KEY
OBJECT MODULE PLACED IN .\Objects\Key.obj
COMPILER INVOKED BY: D:\KEIL\C51\BIN\C51.EXE Key.c OPTIMIZE(8,SPEED) BROWSE DEBUG OBJECTEXTEND PRINT(.\Listings\Key.lst)
                    - TABS(2) OBJECT(.\Objects\Key.obj)

line level    source

   1          #include <reg52.h>
   2          #include "Delay.h"
   3          sbit P3_1=P3^1;
   4          sbit P3_0=P3^0;
   5          sbit P3_2=P3^2;
   6          sbit P3_3=P3^3;
   7          unsigned char Key_KeyNumber;
   8          
   9          unsigned char Key(void)
  10          {
  11   1        unsigned char Temp=0;
  12   1        Temp=Key_KeyNumber;
  13   1        Key_KeyNumber=0;
  14   1        return Temp;
  15   1      }
  16          
  17          unsigned char Key_GetState()
  18          {
  19   1        unsigned char KeyNumber=0;
  20   1        
  21   1        if(P3_1==0){KeyNumber=1;}
  22   1        if(P3_0==0){KeyNumber=2;}
  23   1        if(P3_2==0){KeyNumber=3;}
  24   1        if(P3_3==0){KeyNumber=4;}
  25   1        
  26   1        return KeyNumber;
  27   1      }
  28          
  29          void Key_Loop(void)
  30          {
  31   1        static unsigned char NowState,LastState;
  32   1        LastState=NowState;       
  33   1        NowState=Key_GetState();    
  34   1        
  35   1        if(LastState==1 && NowState==0)
  36   1        {
  37   2          Key_KeyNumber=1;
  38   2        }
  39   1        if(LastState==2 && NowState==0)
  40   1        {
  41   2          Key_KeyNumber=2;
  42   2        }
  43   1        if(LastState==3 && NowState==0)
  44   1        {
  45   2          Key_KeyNumber=3;
  46   2        }
  47   1        if(LastState==4 && NowState==0)
  48   1        {
  49   2          Key_KeyNumber=4;
  50   2        }
  51   1      }


MODULE INFORMATION:   STATIC OVERLAYABLE
C51 COMPILER V9.55   KEY                                                                   02/25/2026 10:48:08 PAGE 2   

   CODE SIZE        =     85    ----
   CONSTANT SIZE    =   ----    ----
   XDATA SIZE       =   ----    ----
   PDATA SIZE       =   ----    ----
   DATA SIZE        =      3    ----
   IDATA SIZE       =   ----    ----
   BIT SIZE         =   ----    ----
END OF MODULE INFORMATION.


C51 COMPILATION COMPLETE.  0 WARNING(S),  0 ERROR(S)
