C51 COMPILER V9.55   UART                                                                  02/09/2026 15:45:18 PAGE 1   


C51 COMPILER V9.55, COMPILATION OF MODULE UART
OBJECT MODULE PLACED IN .\Objects\UART.obj
COMPILER INVOKED BY: D:\KEIL\C51\BIN\C51.EXE UART.c OPTIMIZE(8,SPEED) BROWSE DEBUG OBJECTEXTEND PRINT(.\Listings\UART.ls
                    -t) TABS(2) OBJECT(.\Objects\UART.obj)

line level    source

   1          #include <reg52.h>
   2          #include "UART.h"
   3          void UART_Init()
   4          {
   5   1        SCON=0x50;
   6   1        PCON |=0x80;
   7   1        TMOD &= 0x0F;   //???????
   8   1        TMOD |= 0x20;   //???????
   9   1        TL1 = 0xF3;   //??????
  10   1        TH1 = 0xF3;   //????????
  11   1        ET1 = 0;    //?????1??
  12   1        TR1 = 1;    //?????1
  13   1        EA=1;
  14   1        ES=1;
  15   1      }
  16          void UART_SendByte(unsigned char Byte)
  17          {
  18   1        SBUF=Byte;
  19   1        while(TI==0);
  20   1        TI=0;
  21   1      }


MODULE INFORMATION:   STATIC OVERLAYABLE
   CODE SIZE        =     35    ----
   CONSTANT SIZE    =   ----    ----
   XDATA SIZE       =   ----    ----
   PDATA SIZE       =   ----    ----
   DATA SIZE        =   ----    ----
   IDATA SIZE       =   ----    ----
   BIT SIZE         =   ----    ----
END OF MODULE INFORMATION.


C51 COMPILATION COMPLETE.  0 WARNING(S),  0 ERROR(S)
