C51 COMPILER V9.54   MAIN                                                                  03/30/2026 21:56:15 PAGE 1   


C51 COMPILER V9.54, COMPILATION OF MODULE MAIN
OBJECT MODULE PLACED IN .\Objects\main.obj
COMPILER INVOKED BY: E:\keil5\C51\BIN\C51.EXE main.c COMPACT OPTIMIZE(8,SPEED) BROWSE DEBUG OBJECTEXTEND PRINT(.\Listing
                    -s\main.lst) TABS(2) OBJECT(.\Objects\main.obj)

line level    source

   1          #include "lock.h"
   2          #include "schedule.h"
   3          #include "list.h"
   4          #include "Tool.h"
   5          #include "interrupt.h"
   6          #include "ioPort.h"
   7          #include "queue.h"
   8          
   9          extern void Schedule(void);
  10          xdata struct queue myqueue;
  11           struct Task Task3;              //??1?TCB
  12           struct Task Task4;              //??2?TCB
  13          
  14          xdata struct List AllList;
  15          //??????????????,??????????
  16          
  17          //???????
  18          xdata struct List ReadyList;
  19          //????????????,??????????
  20          
  21          //?????????
  22          xdata struct List BlockList;
  23          //????????????,???????????
  24          
  25          void task1()
  26          {
  27   1          while(1)
  28   1          {
  29   2              P2 = 0x80;
  30   2          }
  31   1      }
  32          
  33          void task2()
  34          {
  35   1          while(1)
  36   1          {
  37   2              P2 = 0x40;
  38   2          }
  39   1      }
  40          
  41          void main()
  42          {
  43   1          interruptInit();     //?????
  44   1          interruptDisable();     //????
  45   1      
  46   1          SystemListInit();
  47   1          queueInit(&myqueue);
  48   1      
  49   1          task_create(&Task3,task1,3);
  50   1          task_create(&Task4,task2,2);
  51   1          
  52   1          interruptEnable();    //????
  53   1      
  54   1          Schedule();
C51 COMPILER V9.54   MAIN                                                                  03/30/2026 21:56:15 PAGE 2   

  55   1          while(1);
  56   1      }
  57          
  58          
  59          
  60          void Timer0() interrupt 1
  61          {
  62   1        TimerService();
  63   1      
  64   1      
  65   1        TimeService2();
  66   1          
  67   1      }


MODULE INFORMATION:   STATIC OVERLAYABLE
   CODE SIZE        =    150    ----
   CONSTANT SIZE    =   ----    ----
   XDATA SIZE       =     48    ----
   PDATA SIZE       =     38    ----
   DATA SIZE        =   ----    ----
   IDATA SIZE       =   ----    ----
   BIT SIZE         =   ----    ----
END OF MODULE INFORMATION.


C51 COMPILATION COMPLETE.  0 WARNING(S),  0 ERROR(S)
