C51 COMPILER V9.54   QUEUE                                                                 03/30/2026 21:56:16 PAGE 1   


C51 COMPILER V9.54, COMPILATION OF MODULE QUEUE
OBJECT MODULE PLACED IN .\Objects\queue.obj
COMPILER INVOKED BY: E:\keil5\C51\BIN\C51.EXE queue.c COMPACT OPTIMIZE(8,SPEED) BROWSE DEBUG OBJECTEXTEND PRINT(.\Listin
                    -gs\queue.lst) TABS(2) OBJECT(.\Objects\queue.obj)

line level    source

   1          #include "queue.h"
   2          #include "interrupt.h"
   3          #include "Tool.h"
   4          #include "stdint.h"
   5          
   6          void queueInit(struct queue* pqueue)
   7          {
   8   1          pqueue->head = 0;               //????
   9   1          pqueue->tail = 0;               //????
  10   1          lockInit(&pqueue->lock);
  11   1      
  12   1      }
  13          
  14          //??pos????????????
  15          static uint8_t queueNextPos(uint8_t pos)
  16          {
  17   1          return (pos + 1) % MAX_QUEUE_SIZE;
  18   1      }
  19          
  20          //????????
  21          BOOL queueIsFull(struct queue* pqueue)
  22          {
  23   1        return (queueNextPos(pqueue->head) == pqueue->tail) ? 1 : 0;
  24   1      }
  25          
  26          //????????
  27          BOOL queueIsEmpty(struct queue* pqueue)
  28          {
  29   1        return (pqueue->head == pqueue->tail) ? 1 : 0; 
  30   1      }
  31          //????
  32          void ProducerElem(struct queue* pqueue,char queue_elem)
  33          {
  34   1          //
  35   1          //assert????????
  36   1          //
  37   1          if(queueIsFull(pqueue))             //???????????????
  38   1          {
  39   2              return;                         //??0???????
  40   2          }
  41   1          pqueue->queue[pqueue->head] = queue_elem;
  42   1          pqueue->head = queueNextPos(pqueue->head);
  43   1      
  44   1      }
  45          //??????       //????????
  46          char ConsumeElem(struct queue* pqueue)
  47          {
  48   1          char queue_elem = pqueue->queue[pqueue->tail];
  49   1          if(queueIsEmpty(pqueue))            //???????????????
  50   1          {
  51   2              return 0;                       //??0???????
  52   2          }
  53   1       
  54   1          pqueue->tail = queueNextPos( pqueue->tail);
C51 COMPILER V9.54   QUEUE                                                                 03/30/2026 21:56:16 PAGE 2   

  55   1          return queue_elem;
  56   1      }


MODULE INFORMATION:   STATIC OVERLAYABLE
   CODE SIZE        =    224    ----
   CONSTANT SIZE    =   ----    ----
   XDATA SIZE       =   ----    ----
   PDATA SIZE       =   ----       6
   DATA SIZE        =   ----    ----
   IDATA SIZE       =   ----    ----
   BIT SIZE         =   ----    ----
END OF MODULE INFORMATION.


C51 COMPILATION COMPLETE.  0 WARNING(S),  0 ERROR(S)
