C51 COMPILER V9.54   TOOL                                                                  03/30/2026 21:56:15 PAGE 1   


C51 COMPILER V9.54, COMPILATION OF MODULE TOOL
OBJECT MODULE PLACED IN .\Objects\Tool.obj
COMPILER INVOKED BY: E:\keil5\C51\BIN\C51.EXE Tool.c COMPACT OPTIMIZE(8,SPEED) BROWSE DEBUG OBJECTEXTEND PRINT(.\Listing
                    -s\Tool.lst) TABS(2) OBJECT(.\Objects\Tool.obj)

line level    source

   1          #include "Tool.h"
   2          #include "list.h"
   3          #include "schedule.h"
   4          //????????delayTime??
   5          void blockTaskinTime(uint8_t delayTime)
   6          {
   7   1          enum InterruptState InterruptStatus = interruptDisable();
   8   1          struct Task* currentTask =getCurrentTask();
   9   1          currentTask->status = TASK_DELAY;
  10   1          currentTask-> delayTick = delayTime;
  11   1          listAppend(&BlockList,currentTask->BlockListNode);
  12   1      
  13   1          InterruptStatus = interruptEnable();
  14   1      
  15   1      }
  16          
  17          //??????,?????????????????????????????
  18          void blockTask()
  19          {
  20   1          enum InterruptState InterruptStatus = interruptDisable();
  21   1          //
  22   1          //assert
  23   1          //
  24   1          struct Task* currentTask = getCurrentTask();
  25   1          currentTask->status = TASK_BLOCK;
  26   1          listAppend(&BlockList, currentTask->BlockListNode);
  27   1      
  28   1          InterruptStatus = interruptEnable();
  29   1          //
  30   1          //assert
  31   1          //
  32   1      }
  33          
  34          //?????????????
  35          void wakeup(struct Task* task)
  36          {
  37   1          enum InterruptState InterruptStatus = interruptDisable();
  38   1          task->status = TASK_READY;
  39   1          listRemove(&BlockList,task->BlockListNode);
  40   1          listAppend(&ReadyList,task->ReadyListNode);
  41   1      
  42   1          InterruptStatus = interruptEnable();
  43   1      }
  44          


MODULE INFORMATION:   STATIC OVERLAYABLE
   CODE SIZE        =    268    ----
   CONSTANT SIZE    =   ----    ----
   XDATA SIZE       =   ----    ----
   PDATA SIZE       =   ----      13
   DATA SIZE        =   ----    ----
   IDATA SIZE       =   ----    ----
   BIT SIZE         =   ----    ----
C51 COMPILER V9.54   TOOL                                                                  03/30/2026 21:56:15 PAGE 2   

END OF MODULE INFORMATION.


C51 COMPILATION COMPLETE.  0 WARNING(S),  0 ERROR(S)
