C51 COMPILER V9.55   1602                                                                  02/16/2026 17:35:13 PAGE 1   


C51 COMPILER V9.55, COMPILATION OF MODULE 1602
OBJECT MODULE PLACED IN .\Objects\1602.obj
COMPILER INVOKED BY: D:\KEIL\C51\BIN\C51.EXE ..\LCD1302_driver\1602.c OPTIMIZE(8,SPEED) BROWSE DEBUG OBJECTEXTEND PRINT(
                    -.\Listings\1602.lst) TABS(2) OBJECT(.\Objects\1602.obj)

line level    source

   1          #include <reg52.h>
   2          #include "LCD1602.h"
   3          sbit LCD_RS=P2^6;
   4          sbit LCD_RW=P2^5;
   5          sbit LCD_E=P2^7;
   6          
   7          #define LCD_DataPort P0
   8          
   9          void LCD_Delay()
  10          {
  11   1        unsigned char i,j;
  12   1        i=2;
  13   1        j=239;
  14   1        do
  15   1        {
  16   2          while(--j);
  17   2        }while(--i);
  18   1        
  19   1      }
  20          //写操作字
  21          void LCD_WriteCommand(unsigned char Command)
  22          {
  23   1        LCD_RS=0;
  24   1        LCD_RW=0;
  25   1        LCD_DataPort=Command;
  26   1        LCD_E=1;
  27   1        LCD_Delay();
  28   1        LCD_E=0;
  29   1      }
  30          //写数据 显示内容
  31          void LCD_WriteData(unsigned char Data)
  32          {
  33   1        LCD_RS=1;
  34   1        LCD_RW=0;
  35   1        LCD_DataPort=Data;
  36   1        LCD_E=1;
  37   1        LCD_Delay();
  38   1        LCD_E=0;
  39   1      }
  40          //初始化屏幕
  41          void LCD_Init(void)
  42          {
  43   1        LCD_WriteCommand(0x38);
  44   1        LCD_WriteCommand(0x0c);
  45   1        LCD_WriteCommand(0x06);
  46   1        LCD_WriteCommand(0x01);
  47   1        
  48   1      }
  49          //定位光标
  50          void LCD_SetCursor(unsigned char Line,unsigned char Column)
  51          {
  52   1        if(Line==1)
  53   1        {
  54   2          LCD_WriteCommand(0x80|(Column-1));
C51 COMPILER V9.55   1602                                                                  02/16/2026 17:35:13 PAGE 2   

  55   2        }
  56   1        else
  57   1        {
  58   2          LCD_WriteCommand(0x80|(Column-1)+0x40);
  59   2        }
  60   1      }
  61          void LCD_ShowChar(unsigned char Line,unsigned char Column,unsigned char Char)
  62          {
  63   1        LCD_SetCursor(Line,Column);
  64   1        LCD_WriteData(Char);
  65   1      }
  66          
  67          void LCD_ShowString(unsigned char Line,unsigned char Column,unsigned char *String)
  68          {
  69   1        unsigned char i;
  70   1        LCD_SetCursor(Line,Column);
  71   1        for(i=0;String[i]!='\0';i++)
  72   1        {
  73   2          LCD_WriteData(String[i]);
  74   2        }
  75   1      }
  76          
  77          int LCD_Pow(int x,int y)
  78          {
  79   1        unsigned char i;
  80   1        int Result=1;
  81   1        for(i=0;i<y;i++)
  82   1        {
  83   2          Result*=x;
  84   2        }
  85   1        return Result;
  86   1      }
  87          
  88          void LCD_ShowNum(unsigned char Line,unsigned char Column,unsigned int Number,unsigned char Length)
  89          {
  90   1        unsigned char i;
  91   1        LCD_SetCursor(Line,Column);
  92   1        for(i=Length;i>0;i--)
  93   1        {
  94   2          LCD_WriteData('0'+Number/LCD_Pow(10,i-1)%10);
  95   2        }
  96   1      }
  97          
  98          void LCD_ShowSignedNum(unsigned char Line,unsigned char Column,int Number,unsigned char Length)
  99          {
 100   1        unsigned char i;
 101   1        unsigned int Number1;
 102   1        LCD_SetCursor(Line,Column);
 103   1        if(Number>=0)
 104   1        {
 105   2          LCD_WriteData('+');
 106   2          Number1=Number;
 107   2        }
 108   1        else
 109   1        {
 110   2          LCD_WriteData('-');
 111   2          Number1=-Number;
 112   2        }
 113   1        for(i=Length;i>0;i--)
 114   1        {
 115   2          LCD_WriteData('0'+Number1/LCD_Pow(10,i-1)%10);
 116   2        }
C51 COMPILER V9.55   1602                                                                  02/16/2026 17:35:13 PAGE 3   

 117   1      }
 118          
 119          void LCD_ShowHexNum(unsigned char Line,unsigned char Column,unsigned int Number,unsigned char Length)
 120          {
 121   1        unsigned char i;
 122   1        unsigned char SingleNumber;
 123   1        LCD_SetCursor(Line,Column);
 124   1        for(i=Length;i>0;i--)
 125   1        {
 126   2          SingleNumber=Number/LCD_Pow(16,i-1)%16;
 127   2          if(SingleNumber<10)
 128   2          {
 129   3          LCD_WriteData('0'+SingleNumber);
 130   3          }
 131   2          else
 132   2          {
 133   3            LCD_WriteData('A'+SingleNumber-10);
 134   3          }
 135   2        }
 136   1      }
 137          
 138          void LCD_ShowBinNum(unsigned char Line,unsigned char Column,unsigned int Number,unsigned char Length)
 139          {
 140   1        unsigned char i;
 141   1        LCD_SetCursor(Line,Column);
 142   1        for(i=Length;i>0;i--)
 143   1        {
 144   2          LCD_WriteData('0'+Number/LCD_Pow(2,i-1)%2);
 145   2        }
 146   1      }


MODULE INFORMATION:   STATIC OVERLAYABLE
   CODE SIZE        =    383    ----
   CONSTANT SIZE    =   ----    ----
   XDATA SIZE       =   ----    ----
   PDATA SIZE       =   ----    ----
   DATA SIZE        =   ----      29
   IDATA SIZE       =   ----    ----
   BIT SIZE         =   ----    ----
END OF MODULE INFORMATION.


C51 COMPILATION COMPLETE.  0 WARNING(S),  0 ERROR(S)
