C51 COMPILER V9.55   TIMER0                                                                02/16/2026 17:35:12 PAGE 1   


C51 COMPILER V9.55, COMPILATION OF MODULE TIMER0
OBJECT MODULE PLACED IN .\Objects\Timer0.obj
COMPILER INVOKED BY: D:\KEIL\C51\BIN\C51.EXE Timer0.c OPTIMIZE(8,SPEED) BROWSE DEBUG OBJECTEXTEND PRINT(.\Listings\Timer
                    -0.lst) TABS(2) OBJECT(.\Objects\Timer0.obj)

line level    source

   1          #include "Timer0.h"
   2          #include <reg52.h>
   3          // ±÷”≥ı ºªØ
   4          void Timer0Init(void)
   5          {
   6   1        TMOD &=0xF0;
   7   1        TMOD |=0x01;
   8   1        TL0 = 0x18;   
   9   1        TH0 = 0xFC;   
  10   1        TF0 = 0;    
  11   1        TR0 = 1;
  12   1        ET0=1;
  13   1        EA=1;
  14   1        PT0=0;
  15   1      }
  16          


MODULE INFORMATION:   STATIC OVERLAYABLE
   CODE SIZE        =     23    ----
   CONSTANT SIZE    =   ----    ----
   XDATA SIZE       =   ----    ----
   PDATA SIZE       =   ----    ----
   DATA SIZE        =   ----    ----
   IDATA SIZE       =   ----    ----
   BIT SIZE         =   ----    ----
END OF MODULE INFORMATION.


C51 COMPILATION COMPLETE.  0 WARNING(S),  0 ERROR(S)
